<?xml version="1.0" encoding="UTF-8"?>
<!-- Generated by org.testng.reporters.JUnitReportReporter -->
<testsuite skipped="0" hostname="DESKTOP-5EDHENK" name="org.example.testRunner.TestRunners" tests="22" failures="1" timestamp="2022-12-10T02:01:20 EET" time="218.733" errors="0">
  <testcase name="runScenario" time="10.140" classname="org.example.testRunner.TestRunners"/>
  <system-out/>
  <testcase name="runScenario" time="7.638" classname="org.example.testRunner.TestRunners"/>
  <system-out/>
  <testcase name="runScenario" time="8.333" classname="org.example.testRunner.TestRunners"/>
  <system-out/>
  <testcase name="runScenario" time="9.830" classname="org.example.testRunner.TestRunners"/>
  <system-out/>
  <testcase name="runScenario" time="9.472" classname="org.example.testRunner.TestRunners"/>
  <system-out/>
  <testcase name="runScenario" time="7.911" classname="org.example.testRunner.TestRunners"/>
  <system-out/>
  <testcase name="runScenario" time="9.517" classname="org.example.testRunner.TestRunners"/>
  <system-out/>
  <testcase name="runScenario" time="8.154" classname="org.example.testRunner.TestRunners"/>
  <system-out/>
  <testcase name="runScenario" time="7.103" classname="org.example.testRunner.TestRunners"/>
  <system-out/>
  <testcase name="runScenario" time="9.906" classname="org.example.testRunner.TestRunners"/>
  <system-out/>
  <testcase name="runScenario" time="11.539" classname="org.example.testRunner.TestRunners"/>
  <system-out/>
  <testcase name="runScenario" time="12.550" classname="org.example.testRunner.TestRunners"/>
  <system-out/>
  <testcase name="runScenario" time="7.279" classname="org.example.testRunner.TestRunners"/>
  <system-out/>
  <testcase name="runScenario" time="7.098" classname="org.example.testRunner.TestRunners">
    <failure type="java.lang.AssertionError" message="The following asserts failed:
	expected [true] but found [false],
	expected [true] but found [false],
	expected [true] but found [false],
	expected [true] but found [false],
	expected [true] but found [false],
	expected [true] but found [false]">
      <![CDATA[java.lang.AssertionError: The following asserts failed:
expected [true] but found [false],
expected [true] but found [false],
expected [true] but found [false],
expected [true] but found [false],
expected [true] but found [false],
expected [true] but found [false]
at org.testng.asserts.SoftAssert.assertAll(SoftAssert.java:46)
at org.testng.asserts.SoftAssert.assertAll(SoftAssert.java:30)
at org.example.stepCodes.D07_filterWithColorCode.productsShouldBeResorted(D07_filterWithColorCode.java:42)
at âœ½.products should be resorted(file:///D:/FWD/P2ECommerceApp/nopcommerce/src/main/resources/features(UsS)/F07_FilterWithColor.feature:7)
]]>
    </failure>
  </testcase> <!-- runScenario -->
  <system-out/>
  <testcase name="runScenario" time="10.486" classname="org.example.testRunner.TestRunners"/>
  <system-out/>
  <testcase name="runScenario" time="12.957" classname="org.example.testRunner.TestRunners"/>
  <system-out/>
  <testcase name="runScenario" time="9.650" classname="org.example.testRunner.TestRunners"/>
  <system-out/>
  <testcase name="runScenario" time="9.764" classname="org.example.testRunner.TestRunners"/>
  <system-out/>
  <testcase name="runScenario" time="22.431" classname="org.example.testRunner.TestRunners"/>
  <system-out/>
  <testcase name="runScenario" time="11.616" classname="org.example.testRunner.TestRunners"/>
  <system-out/>
  <testcase name="runScenario" time="7.585" classname="org.example.testRunner.TestRunners"/>
  <system-out/>
  <testcase name="runScenario" time="7.774" classname="org.example.testRunner.TestRunners"/>
  <system-out/>
</testsuite> <!-- org.example.testRunner.TestRunners -->
